make all --print-data-base --no-builtin-variables --no-builtin-rules --question
# GNU Make 3.81
# Copyright (C) 2006  Free Software Foundation, Inc.
# This is free software; see the source for copying conditions.
# There is NO warranty; not even for MERCHANTABILITY or FITNESS FOR A
# PARTICULAR PURPOSE.

# This program built for i386-apple-darwin11.3.0
 
make: *** No rule to make target `all'.  Stop.
 

# Make data base, printed on Thu May 20 01:34:02 2021

# Variables

# environment
JENV_SHELL = zsh
# automatic
?F = $(notdir $?)
# automatic
<D = $(patsubst %/,%,$(dir $<))
# environment
ELECTRON_NO_ATTACH_CONSOLE = 1
# environment
VSCODE_LOG_NATIVE = false
# automatic
?D = $(patsubst %/,%,$(dir $?))
# automatic
@D = $(patsubst %/,%,$(dir $@))
# automatic
@F = $(notdir $@)
# makefile
CURDIR := /Users/sato.ken/src/exaple/swift/ios-tutorial
# makefile
SHELL = /bin/sh
# environment
VSCODE_NLS_CONFIG = {"locale":"ja","availableLanguages":{"*":"ja"},"_languagePackId":"a1608f620ec16763d03ceb9f12a93292.ja","_translationsConfigFile":"/Users/sato.ken/Library/Application Support/Code/clp/a1608f620ec16763d03ceb9f12a93292.ja/tcf.json","_cacheRoot":"/Users/sato.ken/Library/Application Support/Code/clp/a1608f620ec16763d03ceb9f12a93292.ja","_resolvedLanguagePackCoreLocation":"/Users/sato.ken/Library/Application Support/Code/clp/a1608f620ec16763d03ceb9f12a93292.ja/054a9295330880ed74ceaedda236253b4f39a335","_corruptedFile":"/Users/sato.ken/Library/Application Support/Code/clp/a1608f620ec16763d03ceb9f12a93292.ja/corrupted.info","_languagePackSupport":true}
# environment
_ = /usr/bin/make
# makefile (from `Makefile', line 1)
MAKEFILE_LIST :=  Makefile
# environment
VSCODE_NODE_CACHED_DATA_DIR = /Users/sato.ken/Library/Application Support/Code/CachedData/054a9295330880ed74ceaedda236253b4f39a335
# environment
VSCODE_VERBOSE_LOGGING = true
# environment
__CFBundleIdentifier = com.googlecode.iterm2
# environment
VSCODE_IPC_HOOK_EXTHOST = /var/folders/3g/dv2tvh716hz1cyh6y1mvn78c0000gp/T/vscode-ipc-7d419be2-f69f-4b35-861e-1d84b7024ee7.sock
# environment
VSCODE_CWD = /Users/sato.ken/src/exaple/swift/ios-tutorial
# environment
PATH = /Users/sato.ken/google-cloud-sdk/bin:/usr/local/opt/imagemagick@6/bin:/Users/sato.ken/.nodebrew/current/bin:/usr/local/opt/mysql@5.7/bin:/Library/Java/JavaVirtualMachines/adoptopenjdk-8.jdk/Contents/Home:/Users/sato.ken/.jenv/shims:/Users/sato.ken/.jenv/bin:/Users/sato.ken/.rbenv/shims:/Users/sato.ken/.rbenv/bin:/usr/local/bin:/usr/local/sbin:/usr/bin:/bin:/usr/sbin:/sbin:/usr/local/go/bin:/usr/local/share/dotnet:~/.dotnet/tools:/Library/Apple/usr/bin:/Library/Frameworks/Mono.framework/Versions/Current/Commands:/Users/sato.ken/bin
# environment
LSCOLORS = Gxfxcxdxbxegedabagacad
# environment
GOPATH = /Users/sato.ken
# environment
LaunchInstanceID = D5990850-AB70-498A-9028-E4C7A2B82E25
# environment
VSCODE_LOG_STACK = false
# environment
ELECTRON_RUN_AS_NODE = 1
# default
.FEATURES := target-specific order-only second-expansion else-if archives jobserver check-symlink
# environment
SSH_AUTH_SOCK = /private/tmp/com.apple.launchd.VGyILhp5Bb/Listeners
# automatic
%F = $(notdir $%)
# environment
VISUAL = nano
# environment
VSCODE_PIPE_LOGGING = true
# environment
PWD = /Users/sato.ken/src/exaple/swift/ios-tutorial
# environment
ORIGINAL_XDG_CURRENT_DESKTOP = undefined
# environment
VSCODE_AMD_ENTRYPOINT = vs/workbench/services/extensions/node/extensionHostProcess
# environment
HOME = /Users/sato.ken
# default
MAKEFILEPATH := /Applications/Xcode.app/Contents/Developer/Makefiles
# environment
VSCODE_CLI = 1
# environment
LOGNAME = sato.ken
# environment
APPLICATION_INSIGHTS_NO_DIAGNOSTIC_CHANNEL = true
# environment
NVM_CD_FLAGS = -q
# automatic
+F = $(notdir $+)
# environment
ZSH = /Users/sato.ken/.oh-my-zsh
# environment
VSCODE_HANDLES_UNCAUGHT_ERRORS = true
# automatic
^D = $(patsubst %/,%,$(dir $^))
# environment
XPC_FLAGS = 0x0
# environment
COLORTERM = truecolor
# default
MAKE = $(MAKE_COMMAND)
# environment
LC_TERMINAL = iTerm2
# environment
SHLVL = 3
# environment
JAVA_HOME = /Library/Java/JavaVirtualMachines/adoptopenjdk-8.jdk/Contents/Home
# default
MAKE_VERSION := 3.81
# environment
USER = sato.ken
# makefile
.DEFAULT_GOAL := install
# default
MAKECMDGOALS := all
# environment
TERM_SESSION_ID = w0t6p0:6EB54ACE-1C62-4DBA-9FEA-91B33C4B6F99
# environment
JENV_LOADED = 1
# environment
LESS = -F -g -i -M -R -S -w -X -z-4
# automatic
%D = $(patsubst %/,%,$(dir $%))
# default
MAKE_COMMAND := /Applications/Xcode.app/Contents/Developer/usr/bin/make
# environment
TERM_PROGRAM = iTerm.app
# default
.VARIABLES := 
# environment
TMPDIR = /var/folders/3g/dv2tvh716hz1cyh6y1mvn78c0000gp/T/
# automatic
*F = $(notdir $*)
# environment
VSCODE_IPC_HOOK = /Users/sato.ken/Library/Application Support/Code/1.56.2-main.sock
# makefile
MAKEFLAGS = Rrqp
# environment
MFLAGS = -Rrqp
# automatic
*D = $(patsubst %/,%,$(dir $*))
# environment
TERM_PROGRAM_VERSION = 3.4.6
# environment
NVM_DIR = /Users/sato.ken/.nvm
# environment
XPC_SERVICE_NAME = 0
# environment
LC_TERMINAL_VERSION = 3.4.6
# automatic
+D = $(patsubst %/,%,$(dir $+))
# environment
BROWSER = open
# environment
ITERM_SESSION_ID = w0t6p0:6EB54ACE-1C62-4DBA-9FEA-91B33C4B6F99
# environment
COLORFGBG = 15;0
# environment
__CF_USER_TEXT_ENCODING = 0x1F6:0x1:0xE
# environment
COMMAND_MODE = unix2003
# default
MAKEFILES := 
# environment
RBENV_SHELL = zsh
# automatic
<F = $(notdir $<)
# environment
 
ITERM_PROFILE = Default
# environment
EDITOR = nano
# environment
PAGER = less
# environment
LC_ALL = C
# environment
SECURITYSESSIONID = 186b5
# automatic
^F = $(notdir $^)
# default
SUFFIXES := 
# default
.INCLUDE_DIRS = /usr/local/include
# environment
MAKELEVEL := 0
# environment
LANG = C
# environment
TERM = xterm-256color
# environment
VSCODE_PID = 73717
# environment
NVM_RC_VERSION = 
# variable set hash-table stats:
# Load=91/1024=9%, Rehash=0, Collisions=8/115=7%

# Pattern-specific Variable Values

# No pattern-specific variable values.

# Directories

# . (device 16777220, inode 79751499): 20 files, no impossibilities.

# 20 files, no impossibilities in 1 directories.

# Implicit Rules

# No implicit rules.

# Files

# Not a target:
all:
#  Command-line target.
#  Implicit rule search has been done.
#  File does not exist.
#  File has not been updated.
# variable set hash-table stats:
# Load=0/32=0%, Rehash=0, Collisions=0/0=0%

pod_install:
#  Implicit rule search has not been done.
#  Modification time never checked.
#  File has not been updated.
#  commands to execute (from `Makefile', line 10):
	bundle exec pod install
	

# Not a target:
.SUFFIXES:
#  Implicit rule search has not been done.
#  Modification time never checked.
#  File has not been updated.

# Not a target:
Makefile:
#  Implicit rule search has been done.
#  Last modified 2021-05-19 13:48:57
#  File has been updated.
#  Successfully updated.
# variable set hash-table stats:
# Load=0/32=0%, Rehash=0, Collisions=0/0=0%

install_ruby:
#  Implicit rule search has not been done.
#  Modification time never checked.
#  File has not been updated.
#  commands to execute (from `Makefile', line 3):
	bash bin/install_ruby.sh
	

# Not a target:
.DEFAULT:
#  Implicit rule search has not been done.
#  Modification time never checked.
#  File has not been updated.

bundle_install: install_bundler
#  Implicit rule search has not been done.
#  Modification time never checked.
#  File has not been updated.
#  commands to execute (from `Makefile', line 7):
	bundle config set --local path 'vendor/bundle'
	bundle install --jobs 4 --retry 3
	

install_bundler: install_ruby
#  Implicit rule search has not been done.
#  Modification time never checked.
#  File has not been updated.
#  commands to execute (from `Makefile', line 5):
	gem install bundler
	

install: bundle_install pod_install
#  Implicit rule search has not been done.
#  Modification time never checked.
#  File has not been updated.

# files hash-table stats:
# Load=9/1024=1%, Rehash=0, Collisions=0/25=0%
# VPATH Search Paths

# No `vpath' search paths.

# No general (`VPATH' variable) search path.

# # of strings in strcache: 1
# # of strcache buffers: 1
# strcache size: total = 4096 / max = 4096 / min = 4096 / avg = 4096
# strcache free: total = 4087 / max = 4087 / min = 4087 / avg = 4087

# Finished Make data base on Thu May 20 01:34:02 2021

 
